[2023-05-27 15:40:19] Текст ошибки: Call to a member function grep() on null | Файл: C:\xampp\htdocs\shopecoffe\app\views\layouts\watches.php | Строка: 290
=================
[2023-05-27 22:12:11] Текст ошибки: Call to a member function grep() on null | Файл: C:\xampp\htdocs\shopecoffe\app\views\layouts\watches.php | Строка: 290
=================
[2023-05-27 22:14:24] Текст ошибки: Call to a member function grep() on null | Файл: C:\xampp\htdocs\shopecoffe\app\views\layouts\watches.php | Строка: 290
=================
[2023-05-27 22:23:39] Текст ошибки: Контроллер app\controllers\PageController не найден | Файл: C:\xampp\htdocs\shopecoffe\vendor\ishop\core\Router.php | Строка: 36
=================
[2023-05-27 22:23:44] Текст ошибки: Контроллер app\controllers\IndexController не найден | Файл: C:\xampp\htdocs\shopecoffe\vendor\ishop\core\Router.php | Строка: 36
=================
[2023-05-27 22:24:13] Текст ошибки: Контроллер app\controllers\PageController не найден | Файл: C:\xampp\htdocs\shopecoffe\vendor\ishop\core\Router.php | Строка: 36
=================
[2023-05-27 22:32:28] Текст ошибки: Метод app\controllers\ProductController::indexAction не найден | Файл: C:\xampp\htdocs\shopecoffe\vendor\ishop\core\Router.php | Строка: 33
=================
[2023-05-27 22:33:32] Текст ошибки: Метод app\controllers\ProductController::indexAction не найден | Файл: C:\xampp\htdocs\shopecoffe\vendor\ishop\core\Router.php | Строка: 33
=================
[2023-05-27 22:53:10] Текст ошибки: Метод app\controllers\ProductController::indexAction не найден | Файл: C:\xampp\htdocs\shopecoffe\vendor\ishop\core\Router.php | Строка: 34
=================
[2023-05-27 22:58:27] Текст ошибки: Метод app\controllers\ProductController::indexAction не найден | Файл: C:\xampp\htdocs\shopecoffe\vendor\ishop\core\Router.php | Строка: 88
=================
[2023-05-27 22:58:34] Текст ошибки: Метод app\controllers\ProductController::indexAction не найден | Файл: C:\xampp\htdocs\shopecoffe\vendor\ishop\core\Router.php | Строка: 88
=================
[2023-05-27 23:04:09] Текст ошибки: Контроллер app\controllers\PageController не найден | Файл: C:\xampp\htdocs\shopecoffe\vendor\ishop\core\Router.php | Строка: 94
=================
[2023-05-27 23:04:50] Текст ошибки: Контроллер app\controllers\PageController не найден | Файл: C:\xampp\htdocs\shopecoffe\vendor\ishop\core\Router.php | Строка: 94
=================
[2023-05-27 23:05:09] Текст ошибки: Контроллер app\controllers\PageController не найден | Файл: C:\xampp\htdocs\shopecoffe\vendor\ishop\core\Router.php | Строка: 94
=================
[2023-05-27 23:05:11] Текст ошибки: Контроллер app\controllers\PageController не найден | Файл: C:\xampp\htdocs\shopecoffe\vendor\ishop\core\Router.php | Строка: 94
=================
[2023-05-27 23:05:11] Текст ошибки: Контроллер app\controllers\PageController не найден | Файл: C:\xampp\htdocs\shopecoffe\vendor\ishop\core\Router.php | Строка: 94
=================
[2023-05-27 23:06:26] Текст ошибки: Контроллер app\controllers\PageController не найден | Файл: C:\xampp\htdocs\shopecoffe\vendor\ishop\core\Router.php | Строка: 94
=================
[2023-05-27 23:11:24] Текст ошибки: Страница не найдена | Файл: C:\xampp\htdocs\shopecoffe\app\controllers\CategoryController.php | Строка: 17
=================
[2023-05-28 00:04:00] Текст ошибки: Контроллер app\controllers\PageController не найден | Файл: C:\xampp\htdocs\shopecoffe\vendor\ishop\core\Router.php | Строка: 94
=================
[2023-05-28 00:04:16] Текст ошибки: Контроллер app\controllers\PageController не найден | Файл: C:\xampp\htdocs\shopecoffe\vendor\ishop\core\Router.php | Строка: 94
=================
[2023-05-28 01:06:42] Текст ошибки:  Файл <b>C:\xampp\htdocs\shopecoffe/app/views/inc/menu.php<b> не найден   | Файл: C:\xampp\htdocs\shopecoffe\vendor\ishop\core\base\View.php | Строка: 140
=================
[2023-05-28 01:07:09] Текст ошибки: Страница не найдена | Файл: C:\xampp\htdocs\shopecoffe\vendor\ishop\core\Router.php | Строка: 101
=================
[2023-05-28 13:32:06] Текст ошибки: syntax error, unexpected token "public" | Файл: C:\xampp\htdocs\shopecoffe\app\controllers\AppController.php | Строка: 25
=================
[2023-05-28 13:32:14] Текст ошибки: syntax error, unexpected token "public" | Файл: C:\xampp\htdocs\shopecoffe\app\controllers\AppController.php | Строка: 25
=================
[2023-05-28 13:32:15] Текст ошибки: syntax error, unexpected token "public" | Файл: C:\xampp\htdocs\shopecoffe\app\controllers\AppController.php | Строка: 25
=================
[2023-05-28 13:32:15] Текст ошибки: syntax error, unexpected token "public" | Файл: C:\xampp\htdocs\shopecoffe\app\controllers\AppController.php | Строка: 25
=================
[2023-05-28 21:01:56] Текст ошибки: Страница не найдена | Файл: C:\xampp\htdocs\shopecoffe\vendor\ishop\core\Router.php | Строка: 101
=================
[2023-05-28 21:46:07] Текст ошибки: Страница не найдена | Файл: C:\xampp\htdocs\shopecoffe\vendor\ishop\core\Router.php | Строка: 101
=================
[2023-05-28 21:46:22] Текст ошибки: Страница не найдена | Файл: C:\xampp\htdocs\shopecoffe\vendor\ishop\core\Router.php | Строка: 101
=================
[2023-05-28 21:46:45] Текст ошибки: Страница не найдена | Файл: C:\xampp\htdocs\shopecoffe\vendor\ishop\core\Router.php | Строка: 101
=================
[2023-05-28 22:51:38] Текст ошибки: Страница не найдена | Файл: C:\xampp\htdocs\shopecoffe\vendor\ishop\core\Router.php | Строка: 101
=================
[2023-05-28 22:51:42] Текст ошибки: Страница не найдена | Файл: C:\xampp\htdocs\shopecoffe\vendor\ishop\core\Router.php | Строка: 101
=================
[2023-05-28 22:58:23] Текст ошибки: Страница не найдена | Файл: C:\xampp\htdocs\shopecoffe\vendor\ishop\core\Router.php | Строка: 101
=================
[2023-05-29 15:01:12] Текст ошибки: Address in mailbox given [ ] does not comply with RFC 2822, 3.6.2. | Файл: C:\xampp\htdocs\shopecoffe\vendor\swiftmailer\swiftmailer\lib\classes\Swift\Mime\Headers\MailboxHeader.php | Строка: 345
=================
[2023-05-29 16:33:29] Текст ошибки: Failed to authenticate on SMTP server with username "testishop2@ukr.net" using 2 possible authenticators | Файл: C:\xampp\htdocs\shopecoffe\vendor\swiftmailer\swiftmailer\lib\classes\Swift\Transport\Esmtp\AuthHandler.php | Строка: 181
=================
[2023-05-29 18:49:49] Текст ошибки: Страница не найдена | Файл: C:\xampp\htdocs\shopecoffe\vendor\ishop\core\Router.php | Строка: 101
=================
[2023-05-29 18:50:09] Текст ошибки: Страница не найдена | Файл: C:\xampp\htdocs\shopecoffe\vendor\ishop\core\Router.php | Строка: 101
=================
[2023-05-29 18:51:04] Текст ошибки: Страница не найдена | Файл: C:\xampp\htdocs\shopecoffe\vendor\ishop\core\Router.php | Строка: 101
=================
[2023-05-29 18:52:54] Текст ошибки: Страница не найдена | Файл: C:\xampp\htdocs\shopecoffe\vendor\ishop\core\Router.php | Строка: 101
=================
[2023-05-29 18:59:53] Текст ошибки: Страница не найдена | Файл: C:\xampp\htdocs\shopecoffe\vendor\ishop\core\Router.php | Строка: 101
=================
[2023-05-29 19:01:00] Текст ошибки: Страница не найдена | Файл: C:\xampp\htdocs\shopecoffe\vendor\ishop\core\Router.php | Строка: 101
=================
[2023-05-29 19:01:29] Текст ошибки: Страница не найдена | Файл: C:\xampp\htdocs\shopecoffe\vendor\ishop\core\Router.php | Строка: 101
=================
